[2018-08-31 20:31:14] local.INFO: fallo job: ErrorException: mkdir(): Permission denied in /var/www/fojaladmindemo/app/Jobs/GeneratingPdfJob.php:197
Stack trace:
#0 [internal function]: Laravel\Lumen\Application->Laravel\Lumen\Concerns\{closure}(2, 'mkdir(): Permis...', '/var/www/fojala...', 197, Array)
#1 /var/www/fojaladmindemo/app/Jobs/GeneratingPdfJob.php(197): mkdir('/var/www/fojala...', 3777, true)
#2 /var/www/fojaladmindemo/app/Jobs/GeneratingPdfJob.php(69): App\Jobs\GeneratingPdfJob->creditBureauAuthorizationApplicantJob()
#3 [internal function]: App\Jobs\GeneratingPdfJob->handle()
#4 /var/www/fojaladmindemo/vendor/illuminate/container/BoundMethod.php(29): call_user_func_array(Array, Array)
#5 /var/www/fojaladmindemo/vendor/illuminate/container/BoundMethod.php(87): Illuminate\Container\BoundMethod::Illuminate\Container\{closure}()
#6 /var/www/fojaladmindemo/vendor/illuminate/container/BoundMethod.php(31): Illuminate\Container\BoundMethod::callBoundMethod(Object(Laravel\Lumen\Application), Array, Object(Closure))
#7 /var/www/fojaladmindemo/vendor/illuminate/container/Container.php(564): Illuminate\Container\BoundMethod::call(Object(Laravel\Lumen\Application), Array, Array, NULL)
#8 /var/www/fojaladmindemo/vendor/illuminate/bus/Dispatcher.php(94): Illuminate\Container\Container->call(Array)
#9 /var/www/fojaladmindemo/vendor/illuminate/pipeline/Pipeline.php(116): Illuminate\Bus\Dispatcher->Illuminate\Bus\{closure}(Object(App\Jobs\GeneratingPdfJob))
#10 /var/www/fojaladmindemo/vendor/illuminate/pipeline/Pipeline.php(104): Illuminate\Pipeline\Pipeline->Illuminate\Pipeline\{closure}(Object(App\Jobs\GeneratingPdfJob))
#11 /var/www/fojaladmindemo/vendor/illuminate/bus/Dispatcher.php(98): Illuminate\Pipeline\Pipeline->then(Object(Closure))
#12 /var/www/fojaladmindemo/vendor/illuminate/queue/CallQueuedHandler.php(49): Illuminate\Bus\Dispatcher->dispatchNow(Object(App\Jobs\GeneratingPdfJob), false)
#13 /var/www/fojaladmindemo/vendor/illuminate/queue/Jobs/Job.php(83): Illuminate\Queue\CallQueuedHandler->call(Object(Illuminate\Queue\Jobs\SyncJob), Array)
#14 /var/www/fojaladmindemo/vendor/illuminate/queue/SyncQueue.php(42): Illuminate\Queue\Jobs\Job->fire()
#15 /var/www/fojaladmindemo/vendor/illuminate/bus/Dispatcher.php(184): Illuminate\Queue\SyncQueue->push(Object(App\Jobs\GeneratingPdfJob))
#16 /var/www/fojaladmindemo/vendor/illuminate/bus/Dispatcher.php(160): Illuminate\Bus\Dispatcher->pushCommandToQueue(Object(Illuminate\Queue\SyncQueue), Object(App\Jobs\GeneratingPdfJob))
#17 /var/www/fojaladmindemo/vendor/illuminate/bus/Dispatcher.php(73): Illuminate\Bus\Dispatcher->dispatchToQueue(Object(App\Jobs\GeneratingPdfJob))
#18 /var/www/fojaladmindemo/vendor/illuminate/support/Facades/Facade.php(223): Illuminate\Bus\Dispatcher->dispatch(Object(App\Jobs\GeneratingPdfJob))
#19 /var/www/fojaladmindemo/app/Bussiness/Academia/Repositories/Pdf/CreatePdfDocumentsRepository.php(148): Illuminate\Support\Facades\Facade::__callStatic('dispatch', Array)
#20 /var/www/fojaladmindemo/app/Http/Controllers/Academia/CreatePdfDocumentsController.php(197): App\Business\Academia\Repositories\Pdf\CreatePdfDocumentsRepository::creditBureauAuthorizationApplicant('3')
#21 [internal function]: App\Http\Controllers\Academia\CreatePdfDocumentsController->creditBureauAuthorizationApplicant('3')
#22 /var/www/fojaladmindemo/vendor/illuminate/container/BoundMethod.php(29): call_user_func_array(Array, Array)
#23 /var/www/fojaladmindemo/vendor/illuminate/container/BoundMethod.php(87): Illuminate\Container\BoundMethod::Illuminate\Container\{closure}()
#24 /var/www/fojaladmindemo/vendor/illuminate/container/BoundMethod.php(31): Illuminate\Container\BoundMethod::callBoundMethod(Object(Laravel\Lumen\Application), Array, Object(Closure))
#25 /var/www/fojaladmindemo/vendor/illuminate/container/Container.php(564): Illuminate\Container\BoundMethod::call(Object(Laravel\Lumen\Application), Array, Array, NULL)
#26 /var/www/fojaladmindemo/vendor/laravel/lumen-framework/src/Concerns/RoutesRequests.php(373): Illuminate\Container\Container->call(Array, Array)
#27 /var/www/fojaladmindemo/vendor/laravel/lumen-framework/src/Concerns/RoutesRequests.php(339): Laravel\Lumen\Application->callControllerCallable(Array, Array)
#28 /var/www/fojaladmindemo/vendor/laravel/lumen-framework/src/Concerns/RoutesRequests.php(313): Laravel\Lumen\Application->callLumenController(Object(App\Http\Controllers\Academia\CreatePdfDocumentsController), 'creditBureauAut...', Array)
#29 /var/www/fojaladmindemo/vendor/laravel/lumen-framework/src/Concerns/RoutesRequests.php(275): Laravel\Lumen\Application->callControllerAction(Array)
#30 /var/www/fojaladmindemo/vendor/laravel/lumen-framework/src/Concerns/RoutesRequests.php(255): Laravel\Lumen\Application->callActionOnArrayBasedRoute(Array)
#31 [internal function]: Laravel\Lumen\Application->Laravel\Lumen\Concerns\{closure}(Object(Illuminate\Http\Request))
#32 /var/www/fojaladmindemo/vendor/laravel/lumen-framework/src/Routing/Pipeline.php(52): call_user_func(Object(Closure), Object(Illuminate\Http\Request))
#33 /var/www/fojaladmindemo/app/Http/Middleware/JwtMiddleware.php(71): Laravel\Lumen\Routing\Pipeline->Laravel\Lumen\Routing\{closure}(Object(Illuminate\Http\Request))
#34 /var/www/fojaladmindemo/vendor/illuminate/pipeline/Pipeline.php(151): App\Http\Middleware\JwtMiddleware->handle(Object(Illuminate\Http\Request), Object(Closure))
#35 [internal function]: Illuminate\Pipeline\Pipeline->Illuminate\Pipeline\{closure}(Object(Illuminate\Http\Request))
#36 /var/www/fojaladmindemo/vendor/laravel/lumen-framework/src/Routing/Pipeline.php(32): call_user_func(Object(Closure), Object(Illuminate\Http\Request))
#37 /var/www/fojaladmindemo/app/Http/Middleware/CorsMiddleware.php(43): Laravel\Lumen\Routing\Pipeline->Laravel\Lumen\Routing\{closure}(Object(Illuminate\Http\Request))
#38 /var/www/fojaladmindemo/vendor/illuminate/pipeline/Pipeline.php(151): App\Http\Middleware\CorsMiddleware->handle(Object(Illuminate\Http\Request), Object(Closure))
#39 [internal function]: Illuminate\Pipeline\Pipeline->Illuminate\Pipeline\{closure}(Object(Illuminate\Http\Request))
#40 /var/www/fojaladmindemo/vendor/laravel/lumen-framework/src/Routing/Pipeline.php(32): call_user_func(Object(Closure), Object(Illuminate\Http\Request))
#41 /var/www/fojaladmindemo/vendor/illuminate/pipeline/Pipeline.php(104): Laravel\Lumen\Routing\Pipeline->Laravel\Lumen\Routing\{closure}(Object(Illuminate\Http\Request))
#42 /var/www/fojaladmindemo/vendor/laravel/lumen-framework/src/Concerns/RoutesRequests.php(410): Illuminate\Pipeline\Pipeline->then(Object(Closure))
#43 /var/www/fojaladmindemo/vendor/laravel/lumen-framework/src/Concerns/RoutesRequests.php(256): Laravel\Lumen\Application->sendThroughPipeline(Array, Object(Closure))
#44 /var/www/fojaladmindemo/vendor/laravel/lumen-framework/src/Concerns/RoutesRequests.php(230): Laravel\Lumen\Application->handleFoundRoute(Array)
#45 /var/www/fojaladmindemo/vendor/laravel/lumen-framework/src/Concerns/RoutesRequests.php(164): Laravel\Lumen\Application->handleDispatcherResponse(Array)
#46 /var/www/fojaladmindemo/vendor/laravel/lumen-framework/src/Concerns/RoutesRequests.php(413): Laravel\Lumen\Application->Laravel\Lumen\Concerns\{closure}()
#47 /var/www/fojaladmindemo/vendor/laravel/lumen-framework/src/Concerns/RoutesRequests.php(166): Laravel\Lumen\Application->sendThroughPipeline(Array, Object(Closure))
#48 /var/www/fojaladmindemo/vendor/laravel/lumen-framework/src/Concerns/RoutesRequests.php(107): Laravel\Lumen\Application->dispatch(NULL)
#49 /var/www/fojaladmindemo/public/index.php(28): Laravel\Lumen\Application->run()
#50 {main}  
[2018-08-31 20:33:41] local.INFO: fallo job: ErrorException: mkdir(): Permission denied in /var/www/fojaladmindemo/app/Jobs/GeneratingPdfJob.php:197
Stack trace:
#0 [internal function]: Laravel\Lumen\Application->Laravel\Lumen\Concerns\{closure}(2, 'mkdir(): Permis...', '/var/www/fojala...', 197, Array)
#1 /var/www/fojaladmindemo/app/Jobs/GeneratingPdfJob.php(197): mkdir('/var/www/fojala...', 3777, true)
#2 /var/www/fojaladmindemo/app/Jobs/GeneratingPdfJob.php(69): App\Jobs\GeneratingPdfJob->creditBureauAuthorizationApplicantJob()
#3 [internal function]: App\Jobs\GeneratingPdfJob->handle()
#4 /var/www/fojaladmindemo/vendor/illuminate/container/BoundMethod.php(29): call_user_func_array(Array, Array)
#5 /var/www/fojaladmindemo/vendor/illuminate/container/BoundMethod.php(87): Illuminate\Container\BoundMethod::Illuminate\Container\{closure}()
#6 /var/www/fojaladmindemo/vendor/illuminate/container/BoundMethod.php(31): Illuminate\Container\BoundMethod::callBoundMethod(Object(Laravel\Lumen\Application), Array, Object(Closure))
#7 /var/www/fojaladmindemo/vendor/illuminate/container/Container.php(564): Illuminate\Container\BoundMethod::call(Object(Laravel\Lumen\Application), Array, Array, NULL)
#8 /var/www/fojaladmindemo/vendor/illuminate/bus/Dispatcher.php(94): Illuminate\Container\Container->call(Array)
#9 /var/www/fojaladmindemo/vendor/illuminate/pipeline/Pipeline.php(116): Illuminate\Bus\Dispatcher->Illuminate\Bus\{closure}(Object(App\Jobs\GeneratingPdfJob))
#10 /var/www/fojaladmindemo/vendor/illuminate/pipeline/Pipeline.php(104): Illuminate\Pipeline\Pipeline->Illuminate\Pipeline\{closure}(Object(App\Jobs\GeneratingPdfJob))
#11 /var/www/fojaladmindemo/vendor/illuminate/bus/Dispatcher.php(98): Illuminate\Pipeline\Pipeline->then(Object(Closure))
#12 /var/www/fojaladmindemo/vendor/illuminate/queue/CallQueuedHandler.php(49): Illuminate\Bus\Dispatcher->dispatchNow(Object(App\Jobs\GeneratingPdfJob), false)
#13 /var/www/fojaladmindemo/vendor/illuminate/queue/Jobs/Job.php(83): Illuminate\Queue\CallQueuedHandler->call(Object(Illuminate\Queue\Jobs\SyncJob), Array)
#14 /var/www/fojaladmindemo/vendor/illuminate/queue/SyncQueue.php(42): Illuminate\Queue\Jobs\Job->fire()
#15 /var/www/fojaladmindemo/vendor/illuminate/bus/Dispatcher.php(184): Illuminate\Queue\SyncQueue->push(Object(App\Jobs\GeneratingPdfJob))
#16 /var/www/fojaladmindemo/vendor/illuminate/bus/Dispatcher.php(160): Illuminate\Bus\Dispatcher->pushCommandToQueue(Object(Illuminate\Queue\SyncQueue), Object(App\Jobs\GeneratingPdfJob))
#17 /var/www/fojaladmindemo/vendor/illuminate/bus/Dispatcher.php(73): Illuminate\Bus\Dispatcher->dispatchToQueue(Object(App\Jobs\GeneratingPdfJob))
#18 /var/www/fojaladmindemo/vendor/illuminate/support/Facades/Facade.php(223): Illuminate\Bus\Dispatcher->dispatch(Object(App\Jobs\GeneratingPdfJob))
#19 /var/www/fojaladmindemo/app/Bussiness/Academia/Repositories/Pdf/CreatePdfDocumentsRepository.php(148): Illuminate\Support\Facades\Facade::__callStatic('dispatch', Array)
#20 /var/www/fojaladmindemo/app/Http/Controllers/Academia/CreatePdfDocumentsController.php(197): App\Business\Academia\Repositories\Pdf\CreatePdfDocumentsRepository::creditBureauAuthorizationApplicant('3')
#21 [internal function]: App\Http\Controllers\Academia\CreatePdfDocumentsController->creditBureauAuthorizationApplicant('3')
#22 /var/www/fojaladmindemo/vendor/illuminate/container/BoundMethod.php(29): call_user_func_array(Array, Array)
#23 /var/www/fojaladmindemo/vendor/illuminate/container/BoundMethod.php(87): Illuminate\Container\BoundMethod::Illuminate\Container\{closure}()
#24 /var/www/fojaladmindemo/vendor/illuminate/container/BoundMethod.php(31): Illuminate\Container\BoundMethod::callBoundMethod(Object(Laravel\Lumen\Application), Array, Object(Closure))
#25 /var/www/fojaladmindemo/vendor/illuminate/container/Container.php(564): Illuminate\Container\BoundMethod::call(Object(Laravel\Lumen\Application), Array, Array, NULL)
#26 /var/www/fojaladmindemo/vendor/laravel/lumen-framework/src/Concerns/RoutesRequests.php(373): Illuminate\Container\Container->call(Array, Array)
#27 /var/www/fojaladmindemo/vendor/laravel/lumen-framework/src/Concerns/RoutesRequests.php(339): Laravel\Lumen\Application->callControllerCallable(Array, Array)
#28 /var/www/fojaladmindemo/vendor/laravel/lumen-framework/src/Concerns/RoutesRequests.php(313): Laravel\Lumen\Application->callLumenController(Object(App\Http\Controllers\Academia\CreatePdfDocumentsController), 'creditBureauAut...', Array)
#29 /var/www/fojaladmindemo/vendor/laravel/lumen-framework/src/Concerns/RoutesRequests.php(275): Laravel\Lumen\Application->callControllerAction(Array)
#30 /var/www/fojaladmindemo/vendor/laravel/lumen-framework/src/Concerns/RoutesRequests.php(255): Laravel\Lumen\Application->callActionOnArrayBasedRoute(Array)
#31 [internal function]: Laravel\Lumen\Application->Laravel\Lumen\Concerns\{closure}(Object(Illuminate\Http\Request))
#32 /var/www/fojaladmindemo/vendor/laravel/lumen-framework/src/Routing/Pipeline.php(52): call_user_func(Object(Closure), Object(Illuminate\Http\Request))
#33 /var/www/fojaladmindemo/app/Http/Middleware/JwtMiddleware.php(71): Laravel\Lumen\Routing\Pipeline->Laravel\Lumen\Routing\{closure}(Object(Illuminate\Http\Request))
#34 /var/www/fojaladmindemo/vendor/illuminate/pipeline/Pipeline.php(151): App\Http\Middleware\JwtMiddleware->handle(Object(Illuminate\Http\Request), Object(Closure))
#35 [internal function]: Illuminate\Pipeline\Pipeline->Illuminate\Pipeline\{closure}(Object(Illuminate\Http\Request))
#36 /var/www/fojaladmindemo/vendor/laravel/lumen-framework/src/Routing/Pipeline.php(32): call_user_func(Object(Closure), Object(Illuminate\Http\Request))
#37 /var/www/fojaladmindemo/app/Http/Middleware/CorsMiddleware.php(43): Laravel\Lumen\Routing\Pipeline->Laravel\Lumen\Routing\{closure}(Object(Illuminate\Http\Request))
#38 /var/www/fojaladmindemo/vendor/illuminate/pipeline/Pipeline.php(151): App\Http\Middleware\CorsMiddleware->handle(Object(Illuminate\Http\Request), Object(Closure))
#39 [internal function]: Illuminate\Pipeline\Pipeline->Illuminate\Pipeline\{closure}(Object(Illuminate\Http\Request))
#40 /var/www/fojaladmindemo/vendor/laravel/lumen-framework/src/Routing/Pipeline.php(32): call_user_func(Object(Closure), Object(Illuminate\Http\Request))
#41 /var/www/fojaladmindemo/vendor/illuminate/pipeline/Pipeline.php(104): Laravel\Lumen\Routing\Pipeline->Laravel\Lumen\Routing\{closure}(Object(Illuminate\Http\Request))
#42 /var/www/fojaladmindemo/vendor/laravel/lumen-framework/src/Concerns/RoutesRequests.php(410): Illuminate\Pipeline\Pipeline->then(Object(Closure))
#43 /var/www/fojaladmindemo/vendor/laravel/lumen-framework/src/Concerns/RoutesRequests.php(256): Laravel\Lumen\Application->sendThroughPipeline(Array, Object(Closure))
#44 /var/www/fojaladmindemo/vendor/laravel/lumen-framework/src/Concerns/RoutesRequests.php(230): Laravel\Lumen\Application->handleFoundRoute(Array)
#45 /var/www/fojaladmindemo/vendor/laravel/lumen-framework/src/Concerns/RoutesRequests.php(164): Laravel\Lumen\Application->handleDispatcherResponse(Array)
#46 /var/www/fojaladmindemo/vendor/laravel/lumen-framework/src/Concerns/RoutesRequests.php(413): Laravel\Lumen\Application->Laravel\Lumen\Concerns\{closure}()
#47 /var/www/fojaladmindemo/vendor/laravel/lumen-framework/src/Concerns/RoutesRequests.php(166): Laravel\Lumen\Application->sendThroughPipeline(Array, Object(Closure))
#48 /var/www/fojaladmindemo/vendor/laravel/lumen-framework/src/Concerns/RoutesRequests.php(107): Laravel\Lumen\Application->dispatch(NULL)
#49 /var/www/fojaladmindemo/public/index.php(28): Laravel\Lumen\Application->run()
#50 {main}  
[2018-08-31 20:34:30] local.INFO: fallo job: ErrorException: mkdir(): Permission denied in /var/www/fojaladmindemo/app/Jobs/GeneratingPdfJob.php:197
Stack trace:
#0 [internal function]: Laravel\Lumen\Application->Laravel\Lumen\Concerns\{closure}(2, 'mkdir(): Permis...', '/var/www/fojala...', 197, Array)
#1 /var/www/fojaladmindemo/app/Jobs/GeneratingPdfJob.php(197): mkdir('/var/www/fojala...', 3777, true)
#2 /var/www/fojaladmindemo/app/Jobs/GeneratingPdfJob.php(69): App\Jobs\GeneratingPdfJob->creditBureauAuthorizationApplicantJob()
#3 [internal function]: App\Jobs\GeneratingPdfJob->handle()
#4 /var/www/fojaladmindemo/vendor/illuminate/container/BoundMethod.php(29): call_user_func_array(Array, Array)
#5 /var/www/fojaladmindemo/vendor/illuminate/container/BoundMethod.php(87): Illuminate\Container\BoundMethod::Illuminate\Container\{closure}()
#6 /var/www/fojaladmindemo/vendor/illuminate/container/BoundMethod.php(31): Illuminate\Container\BoundMethod::callBoundMethod(Object(Laravel\Lumen\Application), Array, Object(Closure))
#7 /var/www/fojaladmindemo/vendor/illuminate/container/Container.php(564): Illuminate\Container\BoundMethod::call(Object(Laravel\Lumen\Application), Array, Array, NULL)
#8 /var/www/fojaladmindemo/vendor/illuminate/bus/Dispatcher.php(94): Illuminate\Container\Container->call(Array)
#9 /var/www/fojaladmindemo/vendor/illuminate/pipeline/Pipeline.php(116): Illuminate\Bus\Dispatcher->Illuminate\Bus\{closure}(Object(App\Jobs\GeneratingPdfJob))
#10 /var/www/fojaladmindemo/vendor/illuminate/pipeline/Pipeline.php(104): Illuminate\Pipeline\Pipeline->Illuminate\Pipeline\{closure}(Object(App\Jobs\GeneratingPdfJob))
#11 /var/www/fojaladmindemo/vendor/illuminate/bus/Dispatcher.php(98): Illuminate\Pipeline\Pipeline->then(Object(Closure))
#12 /var/www/fojaladmindemo/vendor/illuminate/queue/CallQueuedHandler.php(49): Illuminate\Bus\Dispatcher->dispatchNow(Object(App\Jobs\GeneratingPdfJob), false)
#13 /var/www/fojaladmindemo/vendor/illuminate/queue/Jobs/Job.php(83): Illuminate\Queue\CallQueuedHandler->call(Object(Illuminate\Queue\Jobs\SyncJob), Array)
#14 /var/www/fojaladmindemo/vendor/illuminate/queue/SyncQueue.php(42): Illuminate\Queue\Jobs\Job->fire()
#15 /var/www/fojaladmindemo/vendor/illuminate/bus/Dispatcher.php(184): Illuminate\Queue\SyncQueue->push(Object(App\Jobs\GeneratingPdfJob))
#16 /var/www/fojaladmindemo/vendor/illuminate/bus/Dispatcher.php(160): Illuminate\Bus\Dispatcher->pushCommandToQueue(Object(Illuminate\Queue\SyncQueue), Object(App\Jobs\GeneratingPdfJob))
#17 /var/www/fojaladmindemo/vendor/illuminate/bus/Dispatcher.php(73): Illuminate\Bus\Dispatcher->dispatchToQueue(Object(App\Jobs\GeneratingPdfJob))
#18 /var/www/fojaladmindemo/vendor/illuminate/support/Facades/Facade.php(223): Illuminate\Bus\Dispatcher->dispatch(Object(App\Jobs\GeneratingPdfJob))
#19 /var/www/fojaladmindemo/app/Bussiness/Academia/Repositories/Pdf/CreatePdfDocumentsRepository.php(148): Illuminate\Support\Facades\Facade::__callStatic('dispatch', Array)
#20 /var/www/fojaladmindemo/app/Http/Controllers/Academia/CreatePdfDocumentsController.php(197): App\Business\Academia\Repositories\Pdf\CreatePdfDocumentsRepository::creditBureauAuthorizationApplicant('3')
#21 [internal function]: App\Http\Controllers\Academia\CreatePdfDocumentsController->creditBureauAuthorizationApplicant('3')
#22 /var/www/fojaladmindemo/vendor/illuminate/container/BoundMethod.php(29): call_user_func_array(Array, Array)
#23 /var/www/fojaladmindemo/vendor/illuminate/container/BoundMethod.php(87): Illuminate\Container\BoundMethod::Illuminate\Container\{closure}()
#24 /var/www/fojaladmindemo/vendor/illuminate/container/BoundMethod.php(31): Illuminate\Container\BoundMethod::callBoundMethod(Object(Laravel\Lumen\Application), Array, Object(Closure))
#25 /var/www/fojaladmindemo/vendor/illuminate/container/Container.php(564): Illuminate\Container\BoundMethod::call(Object(Laravel\Lumen\Application), Array, Array, NULL)
#26 /var/www/fojaladmindemo/vendor/laravel/lumen-framework/src/Concerns/RoutesRequests.php(373): Illuminate\Container\Container->call(Array, Array)
#27 /var/www/fojaladmindemo/vendor/laravel/lumen-framework/src/Concerns/RoutesRequests.php(339): Laravel\Lumen\Application->callControllerCallable(Array, Array)
#28 /var/www/fojaladmindemo/vendor/laravel/lumen-framework/src/Concerns/RoutesRequests.php(313): Laravel\Lumen\Application->callLumenController(Object(App\Http\Controllers\Academia\CreatePdfDocumentsController), 'creditBureauAut...', Array)
#29 /var/www/fojaladmindemo/vendor/laravel/lumen-framework/src/Concerns/RoutesRequests.php(275): Laravel\Lumen\Application->callControllerAction(Array)
#30 /var/www/fojaladmindemo/vendor/laravel/lumen-framework/src/Concerns/RoutesRequests.php(255): Laravel\Lumen\Application->callActionOnArrayBasedRoute(Array)
#31 [internal function]: Laravel\Lumen\Application->Laravel\Lumen\Concerns\{closure}(Object(Illuminate\Http\Request))
#32 /var/www/fojaladmindemo/vendor/laravel/lumen-framework/src/Routing/Pipeline.php(52): call_user_func(Object(Closure), Object(Illuminate\Http\Request))
#33 /var/www/fojaladmindemo/app/Http/Middleware/JwtMiddleware.php(71): Laravel\Lumen\Routing\Pipeline->Laravel\Lumen\Routing\{closure}(Object(Illuminate\Http\Request))
#34 /var/www/fojaladmindemo/vendor/illuminate/pipeline/Pipeline.php(151): App\Http\Middleware\JwtMiddleware->handle(Object(Illuminate\Http\Request), Object(Closure))
#35 [internal function]: Illuminate\Pipeline\Pipeline->Illuminate\Pipeline\{closure}(Object(Illuminate\Http\Request))
#36 /var/www/fojaladmindemo/vendor/laravel/lumen-framework/src/Routing/Pipeline.php(32): call_user_func(Object(Closure), Object(Illuminate\Http\Request))
#37 /var/www/fojaladmindemo/app/Http/Middleware/CorsMiddleware.php(43): Laravel\Lumen\Routing\Pipeline->Laravel\Lumen\Routing\{closure}(Object(Illuminate\Http\Request))
#38 /var/www/fojaladmindemo/vendor/illuminate/pipeline/Pipeline.php(151): App\Http\Middleware\CorsMiddleware->handle(Object(Illuminate\Http\Request), Object(Closure))
#39 [internal function]: Illuminate\Pipeline\Pipeline->Illuminate\Pipeline\{closure}(Object(Illuminate\Http\Request))
#40 /var/www/fojaladmindemo/vendor/laravel/lumen-framework/src/Routing/Pipeline.php(32): call_user_func(Object(Closure), Object(Illuminate\Http\Request))
#41 /var/www/fojaladmindemo/vendor/illuminate/pipeline/Pipeline.php(104): Laravel\Lumen\Routing\Pipeline->Laravel\Lumen\Routing\{closure}(Object(Illuminate\Http\Request))
#42 /var/www/fojaladmindemo/vendor/laravel/lumen-framework/src/Concerns/RoutesRequests.php(410): Illuminate\Pipeline\Pipeline->then(Object(Closure))
#43 /var/www/fojaladmindemo/vendor/laravel/lumen-framework/src/Concerns/RoutesRequests.php(256): Laravel\Lumen\Application->sendThroughPipeline(Array, Object(Closure))
#44 /var/www/fojaladmindemo/vendor/laravel/lumen-framework/src/Concerns/RoutesRequests.php(230): Laravel\Lumen\Application->handleFoundRoute(Array)
#45 /var/www/fojaladmindemo/vendor/laravel/lumen-framework/src/Concerns/RoutesRequests.php(164): Laravel\Lumen\Application->handleDispatcherResponse(Array)
#46 /var/www/fojaladmindemo/vendor/laravel/lumen-framework/src/Concerns/RoutesRequests.php(413): Laravel\Lumen\Application->Laravel\Lumen\Concerns\{closure}()
#47 /var/www/fojaladmindemo/vendor/laravel/lumen-framework/src/Concerns/RoutesRequests.php(166): Laravel\Lumen\Application->sendThroughPipeline(Array, Object(Closure))
#48 /var/www/fojaladmindemo/vendor/laravel/lumen-framework/src/Concerns/RoutesRequests.php(107): Laravel\Lumen\Application->dispatch(NULL)
#49 /var/www/fojaladmindemo/public/index.php(28): Laravel\Lumen\Application->run()
#50 {main}  
